<?xml version="1.0" encoding="utf-8"?>
<coverage line-rate="0.75" branch-rate="1" version="1.9" timestamp="1772286134" lines-covered="21" lines-valid="28" branches-covered="8" branches-valid="8">
  <sources>
    <source>C:\Users\ahsan\OneDrive\Desktop\SearchLibraryProject\SearchLibrary\</source>
  </sources>
  <packages>
    <package name="SearchLibrary" line-rate="0.75" branch-rate="1" complexity="11">
      <classes>
        <class name="SearchLibrary.BinarySearch" filename="BinarySearch.cs" line-rate="1" branch-rate="1" complexity="8">
          <methods>
            <method name="Search" signature="(System.Int32,System.Int32[])" line-rate="1" branch-rate="1" complexity="8">
              <lines>
                <line number="6" hits="7" branch="False" />
                <line number="7" hits="7" branch="False" />
                <line number="8" hits="7" branch="False" />
                <line number="10" hits="7" branch="False" />
                <line number="11" hits="7" branch="False" />
                <line number="13" hits="14" branch="True" condition-coverage="100% (4/4)">
                  <conditions>
                    <condition number="87" type="jump" coverage="100%" />
                    <condition number="73" type="jump" coverage="100%" />
                  </conditions>
                </line>
                <line number="14" hits="11" branch="False" />
                <line number="15" hits="11" branch="False" />
                <line number="17" hits="11" branch="True" condition-coverage="100% (2/2)">
                  <conditions>
                    <condition number="33" type="jump" coverage="100%" />
                  </conditions>
                </line>
                <line number="18" hits="4" branch="False" />
                <line number="19" hits="4" branch="False" />
                <line number="20" hits="4" branch="False" />
                <line number="21" hits="4" branch="False" />
                <line number="24" hits="7" branch="False" />
                <line number="25" hits="7" branch="True" condition-coverage="100% (2/2)">
                  <conditions>
                    <condition number="57" type="jump" coverage="100%" />
                  </conditions>
                </line>
                <line number="26" hits="5" branch="False" />
                <line number="28" hits="2" branch="False" />
                <line number="29" hits="7" branch="False" />
                <line number="30" hits="7" branch="False" />
                <line number="32" hits="3" branch="False" />
                <line number="33" hits="7" branch="False" />
              </lines>
            </method>
          </methods>
          <lines>
            <line number="6" hits="7" branch="False" />
            <line number="7" hits="7" branch="False" />
            <line number="8" hits="7" branch="False" />
            <line number="10" hits="7" branch="False" />
            <line number="11" hits="7" branch="False" />
            <line number="13" hits="14" branch="True" condition-coverage="100% (4/4)">
              <conditions>
                <condition number="87" type="jump" coverage="100%" />
                <condition number="73" type="jump" coverage="100%" />
              </conditions>
            </line>
            <line number="14" hits="11" branch="False" />
            <line number="15" hits="11" branch="False" />
            <line number="17" hits="11" branch="True" condition-coverage="100% (2/2)">
              <conditions>
                <condition number="33" type="jump" coverage="100%" />
              </conditions>
            </line>
            <line number="18" hits="4" branch="False" />
            <line number="19" hits="4" branch="False" />
            <line number="20" hits="4" branch="False" />
            <line number="21" hits="4" branch="False" />
            <line number="24" hits="7" branch="False" />
            <line number="25" hits="7" branch="True" condition-coverage="100% (2/2)">
              <conditions>
                <condition number="57" type="jump" coverage="100%" />
              </conditions>
            </line>
            <line number="26" hits="5" branch="False" />
            <line number="28" hits="2" branch="False" />
            <line number="29" hits="7" branch="False" />
            <line number="30" hits="7" branch="False" />
            <line number="32" hits="3" branch="False" />
            <line number="33" hits="7" branch="False" />
          </lines>
        </class>
        <class name="SearchLibrary.Order" filename="order.cs" line-rate="0" branch-rate="1" complexity="3">
          <methods>
            <method name="get_OrderId" signature="()" line-rate="0" branch-rate="1" complexity="1">
              <lines>
                <line number="5" hits="0" branch="False" />
              </lines>
            </method>
            <method name="get_Amount" signature="()" line-rate="0" branch-rate="1" complexity="1">
              <lines>
                <line number="6" hits="0" branch="False" />
              </lines>
            </method>
            <method name=".ctor" signature="(System.Int32,System.Double)" line-rate="0" branch-rate="1" complexity="1">
              <lines>
                <line number="8" hits="0" branch="False" />
                <line number="9" hits="0" branch="False" />
                <line number="10" hits="0" branch="False" />
                <line number="11" hits="0" branch="False" />
                <line number="12" hits="0" branch="False" />
              </lines>
            </method>
          </methods>
          <lines>
            <line number="5" hits="0" branch="False" />
            <line number="6" hits="0" branch="False" />
            <line number="8" hits="0" branch="False" />
            <line number="9" hits="0" branch="False" />
            <line number="10" hits="0" branch="False" />
            <line number="11" hits="0" branch="False" />
            <line number="12" hits="0" branch="False" />
          </lines>
        </class>
      </classes>
    </package>
  </packages>
</coverage>